<?xml version="1.0" encoding="UTF-8"?>
<testng-results skipped="0" failed="0" total="1" passed="1">
  <reporter-output>
  </reporter-output>
  <suite name="Default suite" duration-ms="46820" started-at="2018-07-17T09:27:35Z" finished-at="2018-07-17T09:28:22Z">
    <groups>
    </groups>
    <test name="Default test" duration-ms="46820" started-at="2018-07-17T09:27:35Z" finished-at="2018-07-17T09:28:22Z">
      <class name="selenium_api.Topic_01_CheckEnvironment">
        <test-method status="PASS" signature="beforeClass()[pri:0, instance:selenium_api.Topic_01_CheckEnvironment@2ac1fdc4]" name="beforeClass" is-config="true" duration-ms="10559" started-at="2018-07-17T16:27:35Z" finished-at="2018-07-17T16:27:46Z">
          <reporter-output>
          </reporter-output>
        </test-method> <!-- beforeClass -->
        <test-method status="PASS" signature="TC_01_CheckUrlAndTitle()[pri:0, instance:selenium_api.Topic_01_CheckEnvironment@2ac1fdc4]" name="TC_01_CheckUrlAndTitle" duration-ms="35758" started-at="2018-07-17T16:27:46Z" finished-at="2018-07-17T16:28:22Z">
          <reporter-output>
          </reporter-output>
        </test-method> <!-- TC_01_CheckUrlAndTitle -->
        <test-method status="PASS" signature="afterClass()[pri:0, instance:selenium_api.Topic_01_CheckEnvironment@2ac1fdc4]" name="afterClass" is-config="true" duration-ms="488" started-at="2018-07-17T16:28:22Z" finished-at="2018-07-17T16:28:22Z">
          <reporter-output>
          </reporter-output>
        </test-method> <!-- afterClass -->
      </class> <!-- selenium_api.Topic_01_CheckEnvironment -->
    </test> <!-- Default test -->
  </suite> <!-- Default suite -->
</testng-results>
